<?xml version="1.0" encoding="UTF-8"?>
<testng-results ignored="0" total="1" passed="1" failed="0" skipped="0">
  <reporter-output>
  </reporter-output>
  <suite started-at="2023-11-29T20:50:35 IST" name="Default suite" finished-at="2023-11-29T20:51:21 IST" duration-ms="46188">
    <groups>
    </groups>
    <test started-at="2023-11-29T20:50:35 IST" name="Default test" finished-at="2023-11-29T20:51:21 IST" duration-ms="46188">
      <class name="test.Projecttest">
        <test-method is-config="true" signature="setUp()[pri:0, instance:test.Projecttest@54c5a2ff]" started-at="2023-11-29T20:50:35 IST" name="setUp" finished-at="2023-11-29T20:50:53 IST" duration-ms="18408" status="PASS">
          <reporter-output>
          </reporter-output>
        </test-method> <!-- setUp -->
        <test-method signature="test()[pri:0, instance:test.Projecttest@54c5a2ff]" started-at="2023-11-29T20:50:53 IST" name="test" finished-at="2023-11-29T20:51:21 IST" duration-ms="27653" status="PASS">
          <reporter-output>
          </reporter-output>
        </test-method> <!-- test -->
      </class> <!-- test.Projecttest -->
    </test> <!-- Default test -->
  </suite> <!-- Default suite -->
</testng-results>
